Generated at 2021-07-01 15:44:48 +0000
TypeError: no implicit conversion of String into Integer
/home/ec2-user/chef-repo/.chef/local-mode-cache/cache/cookbooks/apache-cookbook/recipes/sample-recipe.rb:14:in `[]'
/home/ec2-user/chef-repo/.chef/local-mode-cache/cache/cookbooks/apache-cookbook/recipes/sample-recipe.rb:14:in `block in from_file'
/opt/chef-workstation/embedded/lib/ruby/gems/3.0.0/gems/chef-17.2.29/lib/chef/resource_builder.rb:70:in `instance_exec'
/opt/chef-workstation/embedded/lib/ruby/gems/3.0.0/gems/chef-17.2.29/lib/chef/resource_builder.rb:70:in `build'
/opt/chef-workstation/embedded/lib/ruby/gems/3.0.0/gems/chef-17.2.29/lib/chef/dsl/declare_resource.rb:313:in `build_resource'
/opt/chef-workstation/embedded/lib/ruby/gems/3.0.0/gems/chef-17.2.29/lib/chef/dsl/declare_resource.rb:265:in `declare_resource'
/opt/chef-workstation/embedded/lib/ruby/gems/3.0.0/gems/chef-17.2.29/lib/chef/dsl/resources.rb:36:in `file'
/home/ec2-user/chef-repo/.chef/local-mode-cache/cache/cookbooks/apache-cookbook/recipes/sample-recipe.rb:9:in `from_file'
/opt/chef-workstation/embedded/lib/ruby/gems/3.0.0/gems/chef-17.2.29/lib/chef/mixin/from_file.rb:34:in `instance_eval'
/opt/chef-workstation/embedded/lib/ruby/gems/3.0.0/gems/chef-17.2.29/lib/chef/mixin/from_file.rb:34:in `from_file'
/opt/chef-workstation/embedded/lib/ruby/gems/3.0.0/gems/chef-17.2.29/lib/chef/cookbook_version.rb:233:in `load_ruby_recipe'
/opt/chef-workstation/embedded/lib/ruby/gems/3.0.0/gems/chef-17.2.29/lib/chef/cookbook_version.rb:203:in `load_recipe'
/opt/chef-workstation/embedded/lib/ruby/gems/3.0.0/gems/chef-17.2.29/lib/chef/run_context.rb:393:in `load_recipe'
/opt/chef-workstation/embedded/lib/ruby/gems/3.0.0/gems/chef-17.2.29/lib/chef/run_context/cookbook_compiler.rb:174:in `block in compile_recipes'
/opt/chef-workstation/embedded/lib/ruby/gems/3.0.0/gems/chef-17.2.29/lib/chef/run_context/cookbook_compiler.rb:171:in `each'
/opt/chef-workstation/embedded/lib/ruby/gems/3.0.0/gems/chef-17.2.29/lib/chef/run_context/cookbook_compiler.rb:171:in `compile_recipes'
/opt/chef-workstation/embedded/lib/ruby/gems/3.0.0/gems/chef-17.2.29/lib/chef/run_context/cookbook_compiler.rb:79:in `compile'
/opt/chef-workstation/embedded/lib/ruby/gems/3.0.0/gems/chef-17.2.29/lib/chef/run_context.rb:223:in `load'
/opt/chef-workstation/embedded/lib/ruby/gems/3.0.0/gems/chef-17.2.29/lib/chef/policy_builder/expand_node_object.rb:103:in `setup_run_context'
/opt/chef-workstation/embedded/lib/ruby/3.0.0/forwardable.rb:238:in `setup_run_context'
/opt/chef-workstation/embedded/lib/ruby/gems/3.0.0/gems/chef-17.2.29/lib/chef/client.rb:496:in `setup_run_context'
/opt/chef-workstation/embedded/lib/ruby/gems/3.0.0/gems/chef-17.2.29/lib/chef/client.rb:282:in `run'
/opt/chef-workstation/embedded/lib/ruby/gems/3.0.0/gems/chef-17.2.29/lib/chef/application.rb:305:in `run_with_graceful_exit_option'
/opt/chef-workstation/embedded/lib/ruby/gems/3.0.0/gems/chef-17.2.29/lib/chef/application.rb:281:in `block in run_chef_client'
/opt/chef-workstation/embedded/lib/ruby/gems/3.0.0/gems/chef-17.2.29/lib/chef/local_mode.rb:42:in `with_server_connectivity'
/opt/chef-workstation/embedded/lib/ruby/gems/3.0.0/gems/chef-17.2.29/lib/chef/application.rb:264:in `run_chef_client'
/opt/chef-workstation/embedded/lib/ruby/gems/3.0.0/gems/chef-17.2.29/lib/chef/application/base.rb:352:in `run_application'
/opt/chef-workstation/embedded/lib/ruby/gems/3.0.0/gems/chef-17.2.29/lib/chef/application.rb:67:in `run'
/opt/chef-workstation/embedded/lib/ruby/gems/3.0.0/gems/chef-bin-17.2.29/bin/chef-client:25:in `<top (required)>'
/bin/chef-client:360:in `load'
/bin/chef-client:360:in `<main>'